[debug] [2023-07-04T19:24:38.968Z] ----------------------------------------------------------------------
[debug] [2023-07-04T19:24:38.969Z] Command:       C:\Program Files\nodejs\node.exe C:\Users\Andrei\AppData\Roaming\npm\node_modules\firebase-tools\lib\bin\firebase.js init hosting
[debug] [2023-07-04T19:24:38.970Z] CLI Version:   12.4.2
[debug] [2023-07-04T19:24:38.970Z] Platform:      win32
[debug] [2023-07-04T19:24:38.970Z] Node Version:  v18.16.1
[debug] [2023-07-04T19:24:38.971Z] Time:          Tue Jul 04 2023 22:24:38 GMT+0300 (Eastern European Summer Time)
[debug] [2023-07-04T19:24:38.971Z] ----------------------------------------------------------------------
[debug] 
[debug] [2023-07-04T19:24:38.978Z] > command requires scopes: ["email","openid","https://www.googleapis.com/auth/cloudplatformprojects.readonly","https://www.googleapis.com/auth/firebase","https://www.googleapis.com/auth/cloud-platform"]
[debug] [2023-07-04T19:24:38.979Z] > authorizing via signed-in user (maf100295@gmail.com)
[info] 
     ######## #### ########  ######## ########     ###     ######  ########
     ##        ##  ##     ## ##       ##     ##  ##   ##  ##       ##
     ######    ##  ########  ######   ########  #########  ######  ######
     ##        ##  ##    ##  ##       ##     ## ##     ##       ## ##
     ##       #### ##     ## ######## ########  ##     ##  ######  ########

You're about to initialize a Firebase project in this directory:

  D:\Licenta\Proiect\Frontend\pc-build-front

[info] 
=== Project Setup
[info] 
[info] First, let's associate this project directory with a Firebase project.
[info] You can create multiple project aliases by running firebase use --add, 
[info] but for now we'll just set up a default project.
[info] 
[debug] [2023-07-04T19:24:49.477Z] >>> [apiv2][query] GET https://firebase.googleapis.com/v1beta1/projects pageSize=100
[debug] [2023-07-04T19:24:50.012Z] <<< [apiv2][status] GET https://firebase.googleapis.com/v1beta1/projects 200
[debug] [2023-07-04T19:24:50.012Z] <<< [apiv2][body] GET https://firebase.googleapis.com/v1beta1/projects [omitted]
